<?xml version="1.0" encoding="UTF-8"?>
<coverage generated="1511179484520" clover="3.2.0">
  <project timestamp="1511179484520" name="All files">
    <metrics statements="9" coveredstatements="9" conditionals="4" coveredconditionals="4" methods="1" coveredmethods="1" elements="14" coveredelements="14" complexity="0" loc="9" ncloc="9" packages="1" files="1" classes="1">
      <file name="jsCodeWars.js" path="C:\Users\SoC10\Documents\javascriptCodeWarsRecapTask\jsCodeWars.js">
        <metrics statements="9" coveredstatements="9" conditionals="4" coveredconditionals="4" methods="1" coveredmethods="1"/>
        <line num="13" count="11" type="stmt"/>
        <line num="15" count="11" type="stmt"/>
        <line num="16" count="55" type="cond" truecount="2" falsecount="0"/>
        <line num="17" count="37" type="stmt"/>
        <line num="21" count="11" type="stmt"/>
        <line num="22" count="27" type="cond" truecount="2" falsecount="0"/>
        <line num="23" count="8" type="stmt"/>
        <line num="27" count="3" type="stmt"/>
        <line num="31" count="1" type="stmt"/>
      </file>
    </metrics>
  </project>
</coverage>
