{"C:\\Users\\SoC10\\Documents\\javascriptCodeWarsRecapTask\\jsCodeWars.js": {"path":"C:\\Users\\SoC10\\Documents\\javascriptCodeWarsRecapTask\\jsCodeWars.js","statementMap":{"0":{"start":{"line":13,"column":15},"end":{"line":13,"column":17}},"1":{"start":{"line":15,"column":2},"end":{"line":19,"column":3}},"2":{"start":{"line":16,"column":4},"end":{"line":18,"column":5}},"3":{"start":{"line":17,"column":6},"end":{"line":17,"column":31}},"4":{"start":{"line":21,"column":2},"end":{"line":25,"column":3}},"5":{"start":{"line":22,"column":4},"end":{"line":24,"column":5}},"6":{"start":{"line":23,"column":6},"end":{"line":23,"column":15}},"7":{"start":{"line":27,"column":2},"end":{"line":27,"column":10}},"8":{"start":{"line":31,"column":0},"end":{"line":31,"column":29}}},"fnMap":{"0":{"name":"findNumbers","decl":{"start":{"line":11,"column":9},"end":{"line":11,"column":20}},"loc":{"start":{"line":11,"column":30},"end":{"line":29,"column":1}},"line":11}},"branchMap":{"0":{"loc":{"start":{"line":16,"column":4},"end":{"line":18,"column":5}},"type":"if","locations":[{"start":{"line":16,"column":4},"end":{"line":18,"column":5}},{"start":{"line":16,"column":4},"end":{"line":18,"column":5}}],"line":16},"1":{"loc":{"start":{"line":22,"column":4},"end":{"line":24,"column":5}},"type":"if","locations":[{"start":{"line":22,"column":4},"end":{"line":24,"column":5}},{"start":{"line":22,"column":4},"end":{"line":24,"column":5}}],"line":22}},"s":{"0":11,"1":11,"2":55,"3":37,"4":11,"5":27,"6":8,"7":3,"8":1},"f":{"0":11},"b":{"0":[37,18],"1":[8,19]},"_coverageSchema":"332fd63041d2c1bcb487cc26dd0d5f7d97098a6c","hash":"bef19a10754c3536da5660229d836529875028c2"}
}
